JvmtiExport can_access_local_variables 0
JvmtiExport can_hotswap_or_post_breakpoint 0
JvmtiExport can_post_on_exceptions 0
# 203 ciObject found
ciMethod java/lang/Object <init> ()V 4097 1 130743 0 0
ciMethod java/lang/Object hashCode ()I 3073 1 384 0 -1
ciMethod java/lang/Object equals (Ljava/lang/Object;)Z 1073 1 4326 0 -1
ciMethod java/lang/String length ()I 4097 1 74162 0 0
ciMethod java/lang/String charAt (I)C 4097 1 375725 0 128
ciMethod java/lang/String indexOf (I)I 4097 1 17314 0 352
ciMethod java/lang/String indexOf (II)I 1689 81921 1097 0 448
ciMethod java/lang/String indexOfSupplementary (II)I 0 0 1 0 -1
ciMethod java/lang/ClassLoader loadClass (Ljava/lang/String;Z)Ljava/lang/Class; 2065 1 5378 41 0
ciMethod java/lang/ClassLoader getClassLoadingLock (Ljava/lang/String;)Ljava/lang/Object; 2065 1 5377 0 0
ciMethod java/lang/ClassLoader findClass (Ljava/lang/String;)Ljava/lang/Class; 0 0 1 0 -1
ciMethod java/lang/ClassLoader checkName (Ljava/lang/String;)Z 2049 1 5398 0 576
ciMethod java/lang/ClassLoader resolveClass (Ljava/lang/Class;)V 0 0 1 0 -1
ciMethod java/lang/ClassLoader findBootstrapClassOrNull (Ljava/lang/String;)Ljava/lang/Class; 1033 1 2644 0 0
ciMethod java/lang/ClassLoader findBootstrapClass (Ljava/lang/String;)Ljava/lang/Class; 3081 1 385 0 -1
ciMethod java/lang/ClassLoader findLoadedClass (Ljava/lang/String;)Ljava/lang/Class; 2065 1 5377 0 0
ciMethod java/lang/ClassLoader findLoadedClass0 (Ljava/lang/String;)Ljava/lang/Class; 3081 1 385 0 -1
ciMethod java/lang/System nanoTime ()J 3073 1 384 0 -1
ciMethod java/lang/Throwable <init> (Ljava/lang/String;Ljava/lang/Throwable;)V 2049 1 2129 0 -1
ciMethod java/lang/Throwable fillInStackTrace ()Ljava/lang/Throwable; 2049 1 2345 0 -1
ciMethod java/lang/Exception <init> (Ljava/lang/String;Ljava/lang/Throwable;)V 2049 1 2129 0 -1
ciMethod java/lang/ClassNotFoundException <init> (Ljava/lang/String;)V 1033 1 2123 0 0
ciMethod java/lang/ReflectiveOperationException <init> (Ljava/lang/String;Ljava/lang/Throwable;)V 2049 1 2123 0 -1
ciMethod sun/misc/Unsafe getLong (J)J 3073 1 384 0 -1
ciMethod sun/misc/Unsafe putLong (JJ)V 2049 1 256 0 -1
ciMethod java/net/URLClassLoader findClass (Ljava/lang/String;)Ljava/lang/Class; 2049 1 4158 129 0
ciMethod java/nio/Buffer checkIndex (I)I 2049 1 1154 0 0
ciMethod java/security/AccessController doPrivileged (Ljava/security/PrivilegedExceptionAction;Ljava/security/AccessControlContext;)Ljava/lang/Object; 3081 1 385 28 -1
ciMethod sun/misc/VM allowArraySyntax ()Z 2049 1 5398 0 0
ciMethodData java/lang/Object <init> ()V 2 130743 orig 264 152 130 105 92 0 0 0 0 128 4 198 22 0 0 0 0 32 1 0 0 0 0 0 0 0 0 0 0 0 0 0 0 0 0 0 0 0 0 0 0 0 0 0 0 0 0 0 0 0 0 0 0 0 0 0 0 0 0 0 0 0 0 0 0 0 0 0 0 0 0 0 0 0 0 0 0 0 0 0 0 77 68 79 32 101 120 116 114 97 32 100 97 116 97 32 108 111 99 107 0 0 0 0 0 0 0 0 0 0 0 0 0 0 0 0 0 0 0 0 0 0 0 0 0 0 0 0 0 0 0 0 0 0 0 0 0 0 0 0 0 0 0 0 0 0 0 0 0 0 0 0 0 0 0 0 0 0 0 0 0 0 0 0 0 0 0 0 0 0 0 0 0 0 0 0 0 0 0 0 0 0 0 0 0 1 0 0 0 0 0 0 0 1 0 0 0 0 0 0 0 1 0 0 0 0 0 0 0 0 0 0 0 0 0 0 0 0 2 0 0 185 229 15 0 1 0 0 0 0 0 0 0 0 0 0 0 2 0 0 0 0 0 3 0 1 0 0 0 0 0 0 0 255 255 255 255 0 0 0 0 0 0 0 0 data 0 oops 0
ciMethodData java/lang/String charAt (I)C 2 375815 orig 264 152 130 105 92 0 0 0 0 104 61 198 22 0 0 0 0 120 1 0 0 32 0 0 0 0 0 0 0 0 0 0 0 0 0 0 0 0 0 0 0 0 0 0 0 0 0 0 0 0 0 0 0 0 0 0 0 0 0 0 0 0 0 0 0 0 0 0 0 0 0 0 0 0 0 0 0 0 0 0 0 77 68 79 32 101 120 116 114 97 32 100 97 116 97 32 108 111 99 107 0 0 0 0 0 0 0 0 0 0 0 0 0 0 0 0 0 0 0 0 0 0 0 0 0 0 0 0 0 0 0 0 0 0 0 0 0 0 0 0 0 0 0 0 0 0 0 0 0 0 0 0 0 0 0 0 0 0 0 0 0 0 0 0 0 0 0 0 0 0 0 0 0 0 0 0 0 0 0 0 0 0 0 0 0 25 0 0 0 0 0 0 0 0 0 0 0 0 0 0 0 1 0 0 0 0 0 0 0 0 0 0 0 0 0 0 0 0 2 0 0 57 208 45 0 1 0 0 0 0 0 0 0 0 0 0 0 2 0 0 0 0 0 0 0 0 0 0 0 80 0 0 0 255 255 255 255 7 0 1 0 0 0 0 0 data 10 0x10007 0x0 0x40 0x5ba07 0xa0007 0x5ba07 0x30 0x0 0x120002 0x0 oops 0
ciMethod java/util/concurrent/ConcurrentHashMap spread (I)I 2057 1 8829 0 -1
ciMethod java/util/concurrent/ConcurrentHashMap tabAt ([Ljava/util/concurrent/ConcurrentHashMap$Node;I)Ljava/util/concurrent/ConcurrentHashMap$Node; 2201 1 15389 0 -1
ciMethod java/util/concurrent/ConcurrentHashMap casTabAt ([Ljava/util/concurrent/ConcurrentHashMap$Node;ILjava/util/concurrent/ConcurrentHashMap$Node;Ljava/util/concurrent/ConcurrentHashMap$Node;)Z 2057 1 3455 0 -1
ciMethod java/util/concurrent/ConcurrentHashMap putVal (Ljava/lang/Object;Ljava/lang/Object;Z)Ljava/lang/Object; 2065 273 5490 0 -1
ciMethod java/util/concurrent/ConcurrentHashMap putIfAbsent (Ljava/lang/Object;Ljava/lang/Object;)Ljava/lang/Object; 2049 1 8096 0 64
ciMethod java/util/concurrent/ConcurrentHashMap initTable ()[Ljava/util/concurrent/ConcurrentHashMap$Node; 41 1 124 0 -1
ciMethod java/util/concurrent/ConcurrentHashMap addCount (JI)V 1873 49 4375 0 -1
ciMethod java/util/concurrent/ConcurrentHashMap helpTransfer ([Ljava/util/concurrent/ConcurrentHashMap$Node;Ljava/util/concurrent/ConcurrentHashMap$Node;)[Ljava/util/concurrent/ConcurrentHashMap$Node; 0 0 1 0 -1
ciMethod java/util/concurrent/ConcurrentHashMap treeifyBin ([Ljava/util/concurrent/ConcurrentHashMap$Node;I)V 0 0 1 0 -1
ciMethod java/util/concurrent/ConcurrentHashMap$Node <init> (ILjava/lang/Object;Ljava/lang/Object;Ljava/util/concurrent/ConcurrentHashMap$Node;)V 2209 1 5537 0 -1
ciMethodData java/lang/String length ()I 2 74162 orig 264 152 130 105 92 0 0 0 0 24 60 198 22 0 0 0 0 32 1 0 0 0 0 0 0 0 0 0 0 0 0 0 0 0 0 0 0 0 0 0 0 0 0 0 0 0 0 0 0 0 0 0 0 0 0 0 0 0 0 0 0 0 0 0 0 0 0 0 0 0 0 0 0 0 0 0 0 0 0 0 0 77 68 79 32 101 120 116 114 97 32 100 97 116 97 32 108 111 99 107 0 0 0 0 0 0 0 0 0 0 0 0 0 0 0 0 0 0 0 0 0 0 0 0 0 0 0 0 0 0 0 0 0 0 0 0 0 0 0 0 0 0 0 0 0 0 0 0 0 0 0 0 0 0 0 0 0 0 0 0 0 0 0 0 0 0 0 0 0 0 0 0 0 0 0 0 0 0 0 0 0 0 0 0 0 1 0 0 0 0 0 0 0 0 0 0 0 0 0 0 0 1 0 0 0 0 0 0 0 0 0 0 0 0 0 0 0 0 2 0 0 145 253 8 0 1 0 0 0 0 0 0 0 0 0 0 0 2 0 0 0 0 0 3 0 1 0 0 0 0 0 0 0 255 255 255 255 0 0 0 0 0 0 0 0 data 0 oops 0
ciMethodData java/lang/String indexOf (II)I 2 75398 orig 264 152 130 105 92 0 0 0 0 56 81 198 22 0 0 0 0 16 2 0 0 88 0 0 0 0 0 0 0 0 0 0 0 0 0 0 0 0 0 0 0 0 0 0 0 0 0 0 0 0 0 0 0 0 0 0 0 0 0 0 0 0 0 0 0 0 0 0 0 0 0 0 0 0 0 0 0 0 0 0 0 77 68 79 32 101 120 116 114 97 32 100 97 116 97 32 108 111 99 107 0 0 0 0 0 0 0 0 0 0 0 0 0 0 0 0 0 0 0 0 0 0 0 0 0 0 0 0 0 0 0 0 0 0 0 0 0 0 0 0 0 0 0 0 0 0 0 0 0 0 0 0 0 0 0 0 0 0 0 0 0 0 0 0 0 0 0 0 0 0 0 0 0 0 0 0 0 0 0 0 0 0 0 0 0 0 0 0 0 0 0 0 0 0 0 0 0 0 0 0 0 0 0 0 0 0 0 0 0 0 0 0 0 0 0 0 0 0 40 0 0 177 27 0 0 49 244 7 0 0 0 0 0 0 0 0 0 2 0 0 0 0 0 0 0 0 0 0 0 224 0 0 0 255 255 255 255 7 0 7 0 0 0 0 0 data 28 0x70007 0x376 0x38 0x0 0xc0003 0x0 0x38 0x110007 0x29d 0x20 0xd9 0x190007 0x0 0x78 0x29d 0x280007 0x290 0x58 0xfe34 0x310007 0xfe28 0x20 0xc 0x3a0003 0xfe28 0xffffffffffffffc0 0x420002 0x0 oops 0
ciMethodData java/lang/String indexOf (I)I 2 17314 orig 264 152 130 105 92 0 0 0 0 80 80 198 22 0 0 0 0 128 1 0 0 0 0 0 0 0 0 0 0 0 0 0 0 0 0 0 0 0 0 0 0 0 0 0 0 0 0 0 0 0 0 0 0 0 0 0 0 0 0 0 0 0 0 0 0 0 0 0 0 0 0 0 0 0 0 0 0 0 0 0 0 77 68 79 32 101 120 116 114 97 32 100 97 116 97 32 108 111 99 107 0 0 0 0 0 0 0 0 0 0 0 0 0 0 0 0 0 0 0 0 0 0 0 0 0 0 0 0 0 0 0 0 0 0 0 0 0 0 0 0 0 0 0 0 0 0 0 0 0 0 0 0 0 0 0 0 0 0 0 0 0 0 0 0 0 0 0 0 0 0 0 0 0 0 0 0 0 0 0 0 0 0 0 0 0 0 0 0 0 0 0 0 0 0 0 0 0 0 0 0 0 0 0 0 0 0 0 0 0 0 0 0 0 0 0 0 0 0 2 0 0 17 13 2 0 1 0 0 0 0 0 0 0 0 0 0 0 2 0 0 0 0 0 3 0 2 0 0 0 48 0 0 0 255 255 255 255 5 0 3 0 0 0 0 0 data 6 0x30005 0x2b9 0x2ca66d0 0x3ee9 0x0 0x0 oops 1 2 java/lang/String
ciMethod java/net/URLClassLoader$1 <init> (Ljava/net/URLClassLoader;Ljava/lang/String;)V 2049 1 4158 0 0
ciMethod sun/misc/PerfCounter get ()J 2049 1 8665 0 0
ciMethod sun/misc/PerfCounter add (J)V 2049 1 8665 0 0
ciMethod sun/misc/PerfCounter increment ()V 1953 1 2285 0 0
ciMethod sun/misc/PerfCounter addTime (J)V 321 1 2045 0 0
ciMethod sun/misc/PerfCounter addElapsedTimeFrom (J)V 2049 1 4330 0 0
ciMethod sun/misc/PerfCounter getFindClasses ()Lsun/misc/PerfCounter; 321 1 2045 0 0
ciMethod sun/misc/PerfCounter getFindClassTime ()Lsun/misc/PerfCounter; 321 1 2045 0 0
ciMethod sun/misc/PerfCounter getParentDelegationTime ()Lsun/misc/PerfCounter; 321 1 2045 0 0
ciMethod java/nio/DirectLongBufferU ix (I)J 2081 1 12041 0 0
ciMethod java/nio/DirectLongBufferU get (I)J 3073 1 5510 0 96
ciMethod java/nio/DirectLongBufferU put (IJ)Ljava/nio/LongBuffer; 3073 1 6531 0 96
ciMethod java/nio/LongBuffer get (I)J 0 0 1 0 -1
ciMethod java/nio/LongBuffer put (IJ)Ljava/nio/LongBuffer; 0 0 1 0 -1
ciMethod java/security/PrivilegedActionException getException ()Ljava/lang/Exception; 249 1 31 0 0
ciMethodData java/nio/Buffer checkIndex (I)I 1 1154 orig 264 152 130 105 92 0 0 0 0 8 93 207 22 0 0 0 0 120 1 0 0 32 0 0 0 0 0 0 0 0 0 0 0 0 0 0 0 0 0 0 0 0 0 0 0 0 0 0 0 0 0 0 0 0 0 0 0 0 0 0 0 0 0 0 0 0 0 0 0 0 0 0 0 0 0 0 0 0 0 0 0 77 68 79 32 101 120 116 114 97 32 100 97 116 97 32 108 111 99 107 0 0 0 0 0 0 0 0 0 0 0 0 0 0 0 0 0 0 0 0 0 0 0 0 0 0 0 0 0 0 0 0 0 0 0 0 0 0 0 0 0 0 0 0 0 0 0 0 0 0 0 0 0 0 0 0 0 0 0 0 0 0 0 0 0 0 0 0 0 0 0 0 0 0 0 0 0 0 0 0 0 0 0 0 0 0 0 0 0 0 0 0 0 0 0 0 0 0 0 0 0 0 0 0 0 0 0 0 0 0 0 0 0 0 0 0 0 0 1 0 0 17 28 0 0 1 0 0 0 0 0 0 0 0 0 0 0 2 0 0 0 0 0 8 0 2 0 0 0 80 0 0 0 255 255 255 255 7 0 1 0 0 0 0 0 data 10 0x10007 0x0 0x40 0x382 0x90007 0x382 0x30 0x0 0x100002 0x0 oops 0
ciMethodData java/nio/DirectLongBufferU ix (I)J 2 12041 orig 264 152 130 105 92 0 0 0 0 128 218 231 22 0 0 0 0 40 1 0 0 0 0 0 0 0 0 0 0 0 0 0 0 0 0 0 0 0 0 0 0 0 0 0 0 0 0 0 0 0 0 0 0 0 0 0 0 0 0 0 0 0 0 0 0 0 0 0 0 0 0 0 0 0 0 0 0 0 0 0 0 77 68 79 32 101 120 116 114 97 32 100 97 116 97 32 108 111 99 107 0 0 0 0 0 0 0 0 0 0 0 0 0 0 0 0 0 0 0 0 0 0 0 0 0 0 0 0 0 0 0 0 0 0 0 0 0 0 0 0 0 0 0 0 0 0 0 0 0 0 0 0 0 0 0 0 0 0 0 0 0 0 0 0 0 0 0 0 0 0 0 0 0 0 0 0 0 0 0 0 0 0 0 0 0 0 0 0 0 0 0 0 0 0 0 0 0 0 0 0 0 0 0 0 0 0 0 0 0 0 0 0 0 0 0 0 0 4 1 0 0 41 112 1 0 1 0 0 0 0 0 0 0 0 0 0 0 2 0 0 0 0 0 3 0 1 0 0 0 0 0 0 0 255 255 255 255 0 0 0 0 0 0 0 0 data 0 oops 0
ciMethodData sun/misc/PerfCounter add (J)V 2 8665 orig 264 152 130 105 92 0 0 0 0 120 57 231 22 0 0 0 0 184 1 0 0 0 0 0 0 0 0 0 0 0 0 0 0 0 0 0 0 0 0 0 0 0 0 0 0 0 0 0 0 0 0 0 0 0 0 0 0 0 0 0 0 0 0 0 0 0 0 0 0 0 0 0 0 0 0 0 0 0 0 0 0 77 68 79 32 101 120 116 114 97 32 100 97 116 97 32 108 111 99 107 0 0 0 0 0 0 0 0 0 0 0 0 0 0 0 0 0 0 0 0 0 0 0 0 0 0 0 0 0 0 0 0 0 0 0 0 0 0 0 0 0 0 0 0 0 0 0 0 0 0 0 0 0 0 0 0 0 0 0 0 0 0 0 0 0 0 0 0 0 0 0 0 0 0 0 0 0 0 0 0 0 0 0 0 0 0 0 0 0 0 0 0 0 0 0 0 0 0 0 0 0 0 0 0 0 0 0 0 0 0 0 0 0 0 0 0 0 0 1 0 0 201 6 1 0 1 0 0 0 0 0 0 0 0 0 0 0 2 0 0 0 0 0 4 0 2 0 0 0 96 0 0 0 255 255 255 255 5 0 1 0 0 0 0 0 data 12 0x10005 0x0 0x1ab0fe70 0x20d9 0x0 0x0 0xd0005 0x0 0x1c125680 0x20d9 0x0 0x0 oops 2 2 sun/misc/PerfCounter 8 java/nio/DirectLongBufferU
ciMethodData sun/misc/PerfCounter get ()J 2 8665 orig 264 152 130 105 92 0 0 0 0 56 56 231 22 0 0 0 0 120 1 0 0 0 0 0 0 0 0 0 0 0 0 0 0 0 0 0 0 0 0 0 0 0 0 0 0 0 0 0 0 0 0 0 0 0 0 0 0 0 0 0 0 0 0 0 0 0 0 0 0 0 0 0 0 0 0 0 0 0 0 0 0 77 68 79 32 101 120 116 114 97 32 100 97 116 97 32 108 111 99 107 0 0 0 0 0 0 0 0 0 0 0 0 0 0 0 0 0 0 0 0 0 0 0 0 0 0 0 0 0 0 0 0 0 0 0 0 0 0 0 0 0 0 0 0 0 0 0 0 0 0 0 0 0 0 0 0 0 0 0 0 0 0 0 0 0 0 0 0 0 0 0 0 0 0 0 0 0 0 0 0 0 0 0 0 0 0 0 0 0 0 0 0 0 0 0 0 0 0 0 0 0 0 0 0 0 0 0 0 0 0 0 0 0 0 0 0 0 0 1 0 0 201 6 1 0 1 0 0 0 0 0 0 0 0 0 0 0 2 0 0 0 0 0 3 0 2 0 0 0 48 0 0 0 255 255 255 255 5 0 5 0 0 0 0 0 data 6 0x50005 0x0 0x1c125680 0x20d9 0x0 0x0 oops 1 2 java/nio/DirectLongBufferU
ciMethodData java/nio/DirectLongBufferU get (I)J 2 5510 orig 264 152 130 105 92 0 0 0 0 192 219 231 22 0 0 0 0 192 1 0 0 0 0 0 0 0 0 0 0 0 0 0 0 0 0 0 0 0 0 0 0 0 0 0 0 0 0 0 0 0 0 0 0 0 0 0 0 0 0 0 0 0 0 0 0 0 0 0 0 0 0 0 0 0 0 0 0 0 0 0 0 77 68 79 32 101 120 116 114 97 32 100 97 116 97 32 108 111 99 107 0 0 0 0 0 0 0 0 0 0 0 0 0 0 0 0 0 0 0 0 0 0 0 0 0 0 0 0 0 0 0 0 0 0 0 0 0 0 0 0 0 0 0 0 0 0 0 0 0 0 0 0 0 0 0 0 0 0 0 0 0 0 0 0 0 0 0 0 0 0 0 0 0 0 0 0 0 0 0 0 0 0 0 0 0 0 0 0 0 0 0 0 0 0 0 0 0 0 0 0 0 0 0 0 0 0 0 0 0 0 0 0 0 0 0 0 0 128 1 0 0 49 160 0 0 1 0 0 0 0 0 0 0 0 0 0 0 2 0 0 0 0 0 3 0 2 0 0 0 112 0 0 0 255 255 255 255 5 0 6 0 0 0 0 0 data 14 0x60005 0x0 0x1c125680 0x1406 0x0 0x0 0x90002 0x1406 0xc0005 0x0 0x0 0x0 0x0 0x0 oops 1 2 java/nio/DirectLongBufferU
ciMethodData java/nio/DirectLongBufferU put (IJ)Ljava/nio/LongBuffer; 2 6531 orig 264 152 130 105 92 0 0 0 0 56 222 231 22 0 0 0 0 208 1 0 0 0 0 0 0 0 0 0 0 0 0 0 0 0 0 0 0 0 0 0 0 0 0 0 0 0 0 0 0 0 0 0 0 0 0 0 0 0 0 0 0 0 0 0 0 0 0 0 0 0 0 0 0 0 0 0 0 0 0 0 0 77 68 79 32 101 120 116 114 97 32 100 97 116 97 32 108 111 99 107 0 0 0 0 0 0 0 0 0 0 0 0 0 0 0 0 0 0 0 0 0 0 0 0 0 0 0 0 0 0 0 0 0 0 0 0 0 0 0 0 0 0 0 0 0 0 0 0 0 0 0 0 0 0 0 0 0 0 0 0 0 0 0 0 0 0 0 0 0 0 0 0 0 0 0 0 0 0 0 0 0 0 0 0 0 0 0 0 0 0 0 0 0 0 0 0 0 0 0 0 0 0 0 0 0 0 0 0 0 0 0 0 0 0 0 0 0 128 1 0 0 25 192 0 0 1 0 0 0 0 0 0 0 0 0 0 0 2 0 0 0 0 0 3 0 2 0 0 0 112 0 0 0 255 255 255 255 5 0 6 0 0 0 0 0 data 14 0x60005 0x2 0x1c125680 0x1801 0x0 0x0 0x90002 0x1803 0xd0005 0x2 0x0 0x0 0x0 0x0 oops 1 2 java/nio/DirectLongBufferU
ciMethodData java/lang/ClassLoader checkName (Ljava/lang/String;)Z 2 5398 orig 264 152 130 105 92 0 0 0 0 128 83 199 22 0 0 0 0 144 2 0 0 80 0 0 0 0 0 0 0 0 0 0 0 0 0 0 0 0 0 0 0 0 0 0 0 0 0 0 0 0 0 0 0 0 0 0 0 0 0 0 0 0 0 0 0 0 0 0 0 0 0 0 0 0 0 0 0 0 0 0 0 77 68 79 32 101 120 116 114 97 32 100 97 116 97 32 108 111 99 107 0 0 0 0 0 0 0 0 0 0 0 0 0 0 0 0 0 0 0 0 0 0 0 0 0 0 0 0 0 0 0 0 0 0 0 0 0 0 0 0 0 0 0 0 0 0 0 0 0 0 0 0 0 0 0 0 0 0 0 0 0 0 0 0 0 0 0 0 0 0 0 0 0 0 0 0 0 0 0 0 0 0 0 0 0 0 0 0 0 0 0 0 0 0 0 0 0 0 0 0 0 0 0 0 0 0 0 0 0 0 0 0 0 0 0 0 0 0 1 0 0 177 160 0 0 1 0 0 0 0 0 0 0 0 0 0 0 2 0 0 0 0 0 20 0 2 0 0 0 64 1 0 0 255 255 255 255 7 0 1 0 0 0 0 0 data 40 0x10007 0x0 0x70 0x1416 0x50005 0x0 0x2ca66d0 0x1416 0x0 0x0 0x80007 0x1416 0x20 0x0 0x100005 0x0 0x2ca66d0 0x1416 0x0 0x0 0x140007 0x0 0xa0 0x1416 0x170002 0x1416 0x1a0007 0x0 0x70 0x1416 0x1f0005 0x0 0x2ca66d0 0x1416 0x0 0x0 0x240007 0x1416 0x20 0x0 oops 3 6 java/lang/String 16 java/lang/String 32 java/lang/String
ciMethodData sun/misc/VM allowArraySyntax ()Z 2 5398 orig 264 152 130 105 92 0 0 0 0 216 246 212 22 0 0 0 0 24 1 0 0 0 0 0 0 0 0 0 0 0 0 0 0 0 0 0 0 0 0 0 0 0 0 0 0 0 0 0 0 0 0 0 0 0 0 0 0 0 0 0 0 0 0 0 0 0 0 0 0 0 0 0 0 0 0 0 0 0 0 0 0 77 68 79 32 101 120 116 114 97 32 100 97 116 97 32 108 111 99 107 0 0 0 0 0 0 0 0 0 0 0 0 0 0 0 0 0 0 0 0 0 0 0 0 0 0 0 0 0 0 0 0 0 0 0 0 0 0 0 0 0 0 0 0 0 0 0 0 0 0 0 0 0 0 0 0 0 0 0 0 0 0 0 0 0 0 0 0 0 0 0 0 0 0 0 0 0 0 0 0 0 0 0 0 0 0 0 0 0 0 0 0 0 0 0 0 0 0 0 0 0 0 0 0 0 0 0 0 0 0 0 0 0 0 0 0 0 0 1 0 0 177 160 0 0 1 0 0 0 0 0 0 0 0 0 0 0 2 0 0 0 0 0 3 0 1 0 0 0 0 0 0 0 255 255 255 255 0 0 0 0 0 0 0 0 data 0 oops 0
ciMethodData sun/misc/PerfCounter addElapsedTimeFrom (J)V 2 4333 orig 264 152 130 105 92 0 0 0 0 64 59 231 22 0 0 0 0 152 1 0 0 0 0 0 0 0 0 0 0 0 0 0 0 0 0 0 0 0 0 0 0 0 0 0 0 0 0 0 0 0 0 0 0 0 0 0 0 0 0 0 0 0 0 0 0 0 0 0 0 0 0 0 0 0 0 0 0 0 0 0 0 77 68 79 32 101 120 116 114 97 32 100 97 116 97 32 108 111 99 107 0 0 0 0 0 0 0 0 0 0 0 0 0 0 0 0 0 0 0 0 0 0 0 0 0 0 0 0 0 0 0 0 0 0 0 0 0 0 0 0 0 0 0 0 0 0 0 0 0 0 0 0 0 0 0 0 0 0 0 0 0 0 0 0 0 0 0 0 0 0 0 0 0 0 0 0 0 0 0 0 0 0 0 0 0 0 0 0 0 0 0 0 0 0 0 0 0 0 0 0 0 0 0 0 0 0 0 0 0 0 0 0 0 0 0 0 0 0 1 0 0 105 127 0 0 1 0 0 0 0 0 0 0 0 0 0 0 2 0 0 0 0 0 5 0 2 0 0 0 64 0 0 0 255 255 255 255 2 0 1 0 0 0 0 0 data 8 0x10002 0xfed 0x60005 0x0 0x1ab0fe70 0xfed 0x0 0x0 oops 1 4 sun/misc/PerfCounter
ciMethodData java/util/concurrent/ConcurrentHashMap putVal (Ljava/lang/Object;Ljava/lang/Object;Z)Ljava/lang/Object; 2 5490 orig 264 152 130 105 92 0 0 0 0 240 214 223 22 0 0 0 0 152 6 0 0 152 2 0 0 0 0 0 0 0 0 0 0 0 0 0 0 0 0 0 0 0 0 0 0 0 0 0 0 0 0 0 0 0 0 0 0 0 0 0 0 0 0 0 0 0 0 0 0 0 0 0 0 0 0 0 0 0 0 0 0 77 68 79 32 101 120 116 114 97 32 100 97 116 97 32 108 111 99 107 0 0 0 0 0 0 0 0 0 0 0 0 0 0 0 0 0 0 0 0 0 0 0 0 0 0 0 0 0 0 0 0 0 0 0 0 0 0 0 0 0 0 0 0 0 0 0 0 0 0 0 0 0 0 0 0 0 0 0 0 0 0 0 0 0 1 0 0 0 0 0 0 0 0 0 0 0 0 0 0 0 0 0 0 0 0 0 0 0 0 0 0 0 0 0 0 0 0 0 0 0 0 0 0 0 0 0 0 0 0 0 0 0 0 0 0 0 2 1 0 0 129 163 0 0 249 24 0 0 0 0 0 0 0 0 0 0 2 0 0 0 2 0 61 0 2 0 0 0 56 5 0 0 255 255 255 255 7 0 1 0 0 0 0 0 data 167 0x10007 0x0 0x40 0x1470 0x50007 0x1470 0x30 0x0 0xc0002 0x0 0x110005 0x1c 0x2ca66d0 0x144b 0x2ca6760 0x9 0x140002 0x1470 0x240007 0x26 0x40 0x1470 0x2d0007 0x1470 0x48 0x0 0x310002 0x26 0x360003 0x26 0x430 0x450002 0x1470 0x4b0007 0xabb 0x78 0x9b5 0x5c0002 0x9b5 0x5f0002 0x9b5 0x620007 0x0 0x3c8 0x9b5 0x650003 0x9b5 0x3c0 0x710007 0xabb 0x68 0x0 0x790005 0x0 0x0 0x0 0x0 0x0 0x7e0003 0x0 0x340 0x8e0002 0xabb 0x930007 0x0 0x290 0xabb 0x980007 0x0 0x180 0xabb 0xa90007 0x922 0xe8 0x492 0xb50007 0xc5 0x90 0x3cd 0xba0007 0x0 0xa8 0x3cd 0xc04005 0x0 0x2ca66d0 0x3cd 0x1c57e230 0x1 0xc30007 0x0 0x58 0x3ce 0xce0007 0x3df 0x98 0xb4 0xd70003 0xb4 0x78 0xe60007 0x2f9 0x48 0x629 0xf40002 0x629 0xfa0003 0x629 0x30 0x1000003 0x2f9 0xfffffffffffffed0 0x1030003 0xabc 0x108 0x1080004 0x0 0x0 0x0 0x0 0x0 0x10b0007 0x0 0xc0 0x0 0x1130004 0x0 0x0 0x0 0x0 0x0 0x11a0005 0x0 0x0 0x0 0x0 0x0 0x1200007 0x0 0x40 0x0 0x12b0007 0x0 0x20 0x0 0x1370003 0xabc 0x18 0x1440007 0x0 0x70 0xabc 0x14b0007 0xabc 0x30 0x0 0x1530002 0x0 0x1580007 0x629 0x38 0x493 0x15e0003 0x26 0xfffffffffffffb80 0x1650002 0xfde oops 4 12 java/lang/String 14 java/lang/Class 85 java/lang/String 87 org/apache/spark/storage/BlockManagerId
ciMethodData java/util/concurrent/ConcurrentHashMap putIfAbsent (Ljava/lang/Object;Ljava/lang/Object;)Ljava/lang/Object; 2 8096 orig 264 152 130 105 92 0 0 0 0 136 230 223 22 0 0 0 0 136 1 0 0 0 0 0 0 0 0 0 0 0 0 0 0 0 0 0 0 0 0 0 0 0 0 0 0 0 0 0 0 0 0 0 0 0 0 0 0 0 0 0 0 0 0 0 0 0 0 0 0 0 0 0 0 0 0 0 0 0 0 0 0 77 68 79 32 101 120 116 114 97 32 100 97 116 97 32 108 111 99 107 0 0 0 0 0 0 0 0 0 0 0 0 0 0 0 0 0 0 0 0 0 0 0 0 0 0 0 0 0 0 0 0 0 0 0 0 0 0 0 0 0 0 0 0 0 0 0 0 0 0 0 0 0 0 0 0 0 0 0 0 0 0 0 0 0 0 0 0 0 0 0 0 0 0 0 0 0 0 0 0 0 0 0 0 0 0 0 0 0 0 0 0 0 0 0 0 0 0 0 0 0 0 0 0 0 0 0 0 0 0 0 0 0 0 0 0 0 0 1 0 0 1 245 0 0 1 0 0 0 0 0 0 0 0 0 0 0 2 0 0 0 0 0 3 0 2 0 0 0 48 0 0 0 255 255 255 255 5 0 4 0 0 0 0 0 data 6 0x40005 0x0 0x1ab290d0 0x1ea0 0x0 0x0 oops 1 2 java/util/concurrent/ConcurrentHashMap
ciMethodData java/lang/ClassLoader loadClass (Ljava/lang/String;Z)Ljava/lang/Class; 2 5378 orig 264 152 130 105 92 0 0 0 0 0 72 199 22 0 0 0 0 232 3 0 0 8 1 0 0 0 0 0 0 0 0 0 0 0 0 0 0 0 0 0 0 0 0 0 0 0 0 0 0 0 0 0 0 0 0 0 0 0 0 0 0 0 0 0 0 0 0 0 0 0 0 0 0 0 0 0 0 0 0 0 0 77 68 79 32 101 120 116 114 97 32 100 97 116 97 32 108 111 99 107 0 0 0 0 0 0 0 0 0 0 0 0 0 0 0 0 0 0 0 0 0 0 0 0 0 0 0 0 0 0 0 0 0 0 0 0 0 0 0 0 0 0 0 0 0 0 0 0 0 0 0 0 0 0 0 0 0 0 0 0 0 0 0 0 0 0 0 0 0 0 0 0 0 0 0 0 0 0 0 0 0 0 0 0 0 0 0 0 0 0 0 0 0 0 0 0 0 0 0 0 0 0 0 0 0 0 0 0 0 0 0 0 0 0 0 0 0 2 1 0 0 1 160 0 0 1 0 0 0 0 0 0 0 0 0 0 0 2 0 0 0 0 0 39 0 2 0 0 0 144 2 0 0 255 255 255 255 5 0 2 0 0 0 0 0 data 82 0x20005 0x0 0x174f26a0 0xa2c 0x174f2730 0x9d3 0xa0005 0x4 0x174f26a0 0xa2a 0x174f2730 0x9d1 0x110007 0x5f 0x1e0 0x13a0 0x140002 0x13a0 0x1d0007 0x9d3 0x68 0x9cd 0x260005 0x0 0x174f2730 0x9cd 0x0 0x0 0x2b0003 0x1d8 0x28 0x300002 0x9d3 0x350003 0xbab 0x18 0x3c0007 0x3b7 0x120 0xfe9 0x3f0002 0xfe9 0x460005 0x0 0x174f26a0 0x7f5 0x174f2730 0x7f4 0x4b0002 0x7d5 0x530005 0x0 0x1ab0fe70 0x7d5 0x0 0x0 0x560002 0x7d5 0x5b0005 0x0 0x1ab0fe70 0x7d5 0x0 0x0 0x5e0002 0x7d5 0x610005 0x0 0x1ab0fe70 0x7d5 0x0 0x0 0x650007 0xbeb 0x50 0x0 0x6b0005 0x0 0x0 0x0 0x0 0x0 oops 10 2 sun/misc/Launcher$AppClassLoader 4 sun/misc/Launcher$ExtClassLoader 8 sun/misc/Launcher$AppClassLoader 10 sun/misc/Launcher$ExtClassLoader 24 sun/misc/Launcher$ExtClassLoader 44 sun/misc/Launcher$AppClassLoader 46 sun/misc/Launcher$ExtClassLoader 52 sun/misc/PerfCounter 60 sun/misc/PerfCounter 68 sun/misc/PerfCounter
ciMethodData java/lang/ClassLoader getClassLoadingLock (Ljava/lang/String;)Ljava/lang/Object; 2 5377 orig 264 152 130 105 92 0 0 0 0 184 72 199 22 0 0 0 0 208 1 0 0 0 0 0 0 0 0 0 0 0 0 0 0 0 0 0 0 0 0 0 0 0 0 0 0 0 0 0 0 0 0 0 0 0 0 0 0 0 0 0 0 0 0 0 0 0 0 0 0 0 0 0 0 0 0 0 0 0 0 0 0 77 68 79 32 101 120 116 114 97 32 100 97 116 97 32 108 111 99 107 0 0 0 0 0 0 0 0 0 0 0 0 0 0 0 0 0 0 0 0 0 0 0 0 0 0 0 0 0 0 0 0 0 0 0 0 0 0 0 0 0 0 0 0 0 0 0 0 0 0 0 0 0 0 0 0 0 0 0 0 0 0 0 0 0 0 0 0 0 0 0 0 0 0 0 0 0 0 0 0 0 0 0 0 0 0 0 0 0 0 0 0 0 0 0 0 0 0 0 0 0 0 0 0 0 0 0 0 0 0 0 0 0 0 0 0 0 2 1 0 0 249 159 0 0 1 0 0 0 0 0 0 0 0 0 0 0 2 0 0 0 0 0 8 0 2 0 0 0 128 0 0 0 255 255 255 255 7 0 6 0 0 0 0 0 data 16 0x60007 0x0 0x80 0x13ff 0xd0002 0x13ff 0x170005 0x0 0x1ab290d0 0x13ff 0x0 0x0 0x1c0007 0xcd 0x20 0x1332 oops 1 8 java/util/concurrent/ConcurrentHashMap
ciMethodData java/lang/ClassLoader findLoadedClass (Ljava/lang/String;)Ljava/lang/Class; 2 5377 orig 264 152 130 105 92 0 0 0 0 48 90 199 22 0 0 0 0 104 1 0 0 16 0 0 0 0 0 0 0 0 0 0 0 0 0 0 0 0 0 0 0 0 0 0 0 0 0 0 0 0 0 0 0 0 0 0 0 0 0 0 0 0 0 0 0 0 0 0 0 0 0 0 0 0 0 0 0 0 0 0 0 77 68 79 32 101 120 116 114 97 32 100 97 116 97 32 108 111 99 107 0 0 0 0 0 0 0 0 0 0 0 0 0 0 0 0 0 0 0 0 0 0 0 0 0 0 0 0 0 0 0 0 0 0 0 0 0 0 0 0 0 0 0 0 0 0 0 0 0 0 0 0 0 0 0 0 0 0 0 0 0 0 0 0 0 0 0 0 0 0 0 0 0 0 0 0 0 0 0 0 0 0 0 0 0 0 0 0 0 0 0 0 0 0 0 0 0 0 0 0 0 0 0 0 0 0 0 0 0 0 0 0 0 0 0 0 0 2 1 0 0 249 159 0 0 1 0 0 0 0 0 0 0 0 0 0 0 2 0 0 0 0 0 0 0 0 0 0 0 64 0 0 0 255 255 255 255 2 0 2 0 0 0 0 0 data 8 0x20002 0x13ff 0x50007 0x13ff 0x20 0x0 0xc0002 0x13ff oops 0
ciMethodData java/lang/ClassLoader findBootstrapClassOrNull (Ljava/lang/String;)Ljava/lang/Class; 2 2645 orig 264 152 130 105 92 0 0 0 0 232 88 199 22 0 0 0 0 104 1 0 0 16 0 0 0 0 0 0 0 0 0 0 0 0 0 0 0 0 0 0 0 0 0 0 0 0 0 0 0 0 0 0 0 0 0 0 0 0 0 0 0 0 0 0 0 0 0 0 0 0 0 0 0 0 0 0 0 0 0 0 0 77 68 79 32 101 120 116 114 97 32 100 97 116 97 32 108 111 99 107 0 0 0 0 0 0 0 0 0 0 0 0 0 0 0 0 0 0 0 0 0 0 0 0 0 0 0 0 0 0 0 0 0 0 0 0 0 0 0 0 0 0 0 0 0 0 0 0 0 0 0 0 0 0 0 0 0 0 0 0 0 0 0 0 0 0 0 0 0 0 0 0 0 0 0 0 0 0 0 0 0 0 0 0 0 0 0 0 0 0 0 0 0 0 0 0 0 0 0 0 0 0 0 0 0 0 0 0 0 0 0 0 0 0 0 0 0 129 0 0 0 161 78 0 0 1 0 0 0 0 0 0 0 0 0 0 0 2 0 0 0 0 0 0 0 0 0 0 0 64 0 0 0 255 255 255 255 2 0 2 0 0 0 0 0 data 8 0x20002 0x9d4 0x50007 0x9d4 0x20 0x0 0xc0002 0x9d4 oops 0
ciMethodData sun/misc/PerfCounter getParentDelegationTime ()Lsun/misc/PerfCounter; 2 2046 orig 264 152 130 105 92 0 0 0 0 80 62 231 22 0 0 0 0 24 1 0 0 0 0 0 0 0 0 0 0 0 0 0 0 0 0 0 0 0 0 0 0 0 0 0 0 0 0 0 0 0 0 0 0 0 0 0 0 0 0 0 0 0 0 0 0 0 0 0 0 0 0 0 0 0 0 0 0 0 0 0 0 77 68 79 32 101 120 116 114 97 32 100 97 116 97 32 108 111 99 107 0 0 0 0 0 0 0 0 0 0 0 0 0 0 0 0 0 0 0 0 0 0 0 0 0 0 0 0 0 0 0 0 0 0 0 0 0 0 0 0 0 0 0 0 0 0 0 0 0 0 0 0 0 0 0 0 0 0 0 0 0 0 0 0 0 0 0 0 0 0 0 0 0 0 0 0 0 0 0 0 0 0 0 0 0 0 0 0 0 0 0 0 0 0 0 0 0 0 0 0 0 0 0 0 0 0 0 0 0 0 0 0 0 0 0 0 0 40 0 0 0 177 62 0 0 1 0 0 0 0 0 0 0 0 0 0 0 2 0 0 0 0 0 0 0 0 0 0 0 0 0 0 0 255 255 255 255 0 0 0 0 0 0 0 0 data 0 oops 0
ciMethodData sun/misc/PerfCounter addTime (J)V 2 2046 orig 264 152 130 105 92 0 0 0 0 168 58 231 22 0 0 0 0 136 1 0 0 0 0 0 0 0 0 0 0 0 0 0 0 0 0 0 0 0 0 0 0 0 0 0 0 0 0 0 0 0 0 0 0 0 0 0 0 0 0 0 0 0 0 0 0 0 0 0 0 0 0 0 0 0 0 0 0 0 0 0 0 77 68 79 32 101 120 116 114 97 32 100 97 116 97 32 108 111 99 107 0 0 0 0 0 0 0 0 0 0 0 0 0 0 0 0 0 0 0 0 0 0 0 0 0 0 0 0 0 0 0 0 0 0 0 0 0 0 0 0 0 0 0 0 0 0 0 0 0 0 0 0 0 0 0 0 0 0 0 0 0 0 0 0 0 0 0 0 0 0 0 0 0 0 0 0 0 0 0 0 0 0 0 0 0 0 0 0 0 0 0 0 0 0 0 0 0 0 0 0 0 0 0 0 0 0 0 0 0 0 0 0 0 0 0 0 0 40 0 0 0 177 62 0 0 1 0 0 0 0 0 0 0 0 0 0 0 2 0 0 0 0 0 0 0 0 0 0 0 48 0 0 0 255 255 255 255 5 0 2 0 0 0 0 0 data 6 0x20005 0x0 0x1ab0fe70 0x7d6 0x0 0x0 oops 1 2 sun/misc/PerfCounter
ciMethodData sun/misc/PerfCounter getFindClassTime ()Lsun/misc/PerfCounter; 2 2046 orig 264 152 130 105 92 0 0 0 0 32 61 231 22 0 0 0 0 24 1 0 0 0 0 0 0 0 0 0 0 0 0 0 0 0 0 0 0 0 0 0 0 0 0 0 0 0 0 0 0 0 0 0 0 0 0 0 0 0 0 0 0 0 0 0 0 0 0 0 0 0 0 0 0 0 0 0 0 0 0 0 0 77 68 79 32 101 120 116 114 97 32 100 97 116 97 32 108 111 99 107 0 0 0 0 0 0 0 0 0 0 0 0 0 0 0 0 0 0 0 0 0 0 0 0 0 0 0 0 0 0 0 0 0 0 0 0 0 0 0 0 0 0 0 0 0 0 0 0 0 0 0 0 0 0 0 0 0 0 0 0 0 0 0 0 0 0 0 0 0 0 0 0 0 0 0 0 0 0 0 0 0 0 0 0 0 0 0 0 0 0 0 0 0 0 0 0 0 0 0 0 0 0 0 0 0 0 0 0 0 0 0 0 0 0 0 0 0 40 0 0 0 177 62 0 0 1 0 0 0 0 0 0 0 0 0 0 0 2 0 0 0 0 0 0 0 0 0 0 0 0 0 0 0 255 255 255 255 0 0 0 0 0 0 0 0 data 0 oops 0
ciMethodData sun/misc/PerfCounter getFindClasses ()Lsun/misc/PerfCounter; 2 2046 orig 264 152 130 105 92 0 0 0 0 136 60 231 22 0 0 0 0 24 1 0 0 0 0 0 0 0 0 0 0 0 0 0 0 0 0 0 0 0 0 0 0 0 0 0 0 0 0 0 0 0 0 0 0 0 0 0 0 0 0 0 0 0 0 0 0 0 0 0 0 0 0 0 0 0 0 0 0 0 0 0 0 77 68 79 32 101 120 116 114 97 32 100 97 116 97 32 108 111 99 107 0 0 0 0 0 0 0 0 0 0 0 0 0 0 0 0 0 0 0 0 0 0 0 0 0 0 0 0 0 0 0 0 0 0 0 0 0 0 0 0 0 0 0 0 0 0 0 0 0 0 0 0 0 0 0 0 0 0 0 0 0 0 0 0 0 0 0 0 0 0 0 0 0 0 0 0 0 0 0 0 0 0 0 0 0 0 0 0 0 0 0 0 0 0 0 0 0 0 0 0 0 0 0 0 0 0 0 0 0 0 0 0 0 0 0 0 0 40 0 0 0 177 62 0 0 1 0 0 0 0 0 0 0 0 0 0 0 2 0 0 0 0 0 0 0 0 0 0 0 0 0 0 0 255 255 255 255 0 0 0 0 0 0 0 0 data 0 oops 0
ciMethodData sun/misc/PerfCounter increment ()V 2 2286 orig 264 152 130 105 92 0 0 0 0 16 58 231 22 0 0 0 0 120 1 0 0 0 0 0 0 0 0 0 0 0 0 0 0 0 0 0 0 0 0 0 0 0 0 0 0 0 0 0 0 0 0 0 0 0 0 0 0 0 0 0 0 0 0 0 0 0 0 0 0 0 0 0 0 0 0 0 0 0 0 0 0 77 68 79 32 101 120 116 114 97 32 100 97 116 97 32 108 111 99 107 0 0 0 0 0 0 0 0 0 0 0 0 0 0 0 0 0 0 0 0 0 0 0 0 0 0 0 0 0 0 0 0 0 0 0 0 0 0 0 0 0 0 0 0 0 0 0 0 0 0 0 0 0 0 0 0 0 0 0 0 0 0 0 0 0 0 0 0 0 0 0 0 0 0 0 0 0 0 0 0 0 0 0 0 0 0 0 0 0 0 0 0 0 0 0 0 0 0 0 0 0 0 0 0 0 0 0 0 0 0 0 0 0 0 0 0 0 244 0 0 0 209 63 0 0 1 0 0 0 0 0 0 0 0 0 0 0 2 0 0 0 0 0 0 0 0 0 0 0 48 0 0 0 255 255 255 255 5 0 2 0 0 0 0 0 data 6 0x20005 0x0 0x1ab0fe70 0x7fa 0x0 0x0 oops 1 2 sun/misc/PerfCounter
ciMethodData java/net/URLClassLoader findClass (Ljava/lang/String;)Ljava/lang/Class; 2 4158 orig 264 152 130 105 92 0 0 0 0 144 146 206 22 0 0 0 0 72 2 0 0 152 0 0 0 0 0 0 0 0 0 0 0 0 0 0 0 0 0 0 0 0 0 0 0 0 0 0 0 0 0 0 0 0 0 0 0 0 0 0 0 0 0 0 0 0 0 0 0 0 0 0 0 0 0 0 0 0 0 0 0 77 68 79 32 101 120 116 114 97 32 100 97 116 97 32 108 111 99 107 0 0 0 0 0 0 0 0 0 0 0 0 0 0 0 0 0 0 0 0 0 0 0 0 0 0 0 0 0 0 0 0 0 0 0 0 0 0 0 0 0 0 0 0 0 0 0 0 0 0 0 0 0 0 0 0 0 0 0 0 0 0 0 0 0 0 0 0 0 0 0 0 0 0 0 0 0 0 0 0 0 0 0 0 0 0 0 0 0 0 0 0 0 0 0 0 0 0 0 0 0 0 0 0 0 0 0 0 0 0 0 0 0 0 0 0 0 0 1 0 0 241 121 0 0 1 0 0 0 0 0 0 0 0 0 0 0 2 0 0 0 0 0 8 0 2 0 0 0 248 0 0 0 255 255 255 255 2 0 6 0 0 0 0 0 data 31 0x60002 0xf3e 0xd0002 0xf3e 0x100104 0x0 0x2ca6760 0x77f 0x0 0x0 0x140003 0xf3d 0x78 0x190005 0x0 0x0 0x0 0x0 0x0 0x1c0004 0x0 0x0 0x0 0x0 0x0 0x210007 0x77f 0x30 0x7be 0x290002 0x7be oops 1 6 java/lang/Class
ciMethodData java/net/URLClassLoader$1 <init> (Ljava/net/URLClassLoader;Ljava/lang/String;)V 2 4158 orig 264 152 130 105 92 0 0 0 0 168 236 229 22 0 0 0 0 64 1 0 0 0 0 0 0 0 0 0 0 0 0 0 0 0 0 0 0 0 0 0 0 0 0 0 0 0 0 0 0 0 0 0 0 0 0 0 0 0 0 0 0 0 0 0 0 0 0 0 0 0 0 0 0 0 0 0 0 0 0 0 0 77 68 79 32 101 120 116 114 97 32 100 97 116 97 32 108 111 99 107 0 0 0 0 0 0 0 0 0 0 0 0 0 0 0 0 0 0 0 0 0 0 0 0 0 0 0 0 0 0 0 0 0 0 0 0 0 0 0 0 0 0 0 0 0 0 0 0 0 0 0 0 0 0 0 0 0 0 0 0 0 0 0 0 0 0 0 0 0 0 0 0 0 0 0 0 0 0 0 0 0 0 0 0 0 0 0 0 0 0 0 0 0 0 0 0 0 0 0 0 0 0 0 0 0 0 0 0 0 0 0 0 0 0 0 0 0 0 1 0 0 241 121 0 0 1 0 0 0 0 0 0 0 0 0 0 0 2 0 0 0 0 0 0 0 0 0 0 0 16 0 0 0 255 255 255 255 2 0 11 0 0 0 0 0 data 2 0xb0002 0xf3e oops 0
ciMethodData java/lang/ClassNotFoundException <init> (Ljava/lang/String;)V 2 2129 orig 264 152 130 105 92 0 0 0 0 208 92 200 22 0 0 0 0 56 1 0 0 0 0 0 0 0 0 0 0 0 0 0 0 0 0 0 0 0 0 0 0 0 0 0 0 0 0 0 0 0 0 0 0 0 0 0 0 0 0 0 0 0 0 0 0 0 0 0 0 0 0 0 0 0 0 0 0 0 0 0 0 77 68 79 32 101 120 116 114 97 32 100 97 116 97 32 108 111 99 107 0 0 0 0 0 0 0 0 0 0 0 0 0 0 0 0 0 0 0 0 0 0 0 0 0 0 0 0 0 0 0 0 0 0 0 0 0 0 0 0 0 0 0 0 0 0 0 0 0 0 0 0 0 0 0 0 0 0 0 0 0 0 0 0 0 0 0 0 0 0 0 0 0 0 0 0 0 0 0 0 0 0 0 0 0 0 0 0 0 0 0 0 0 0 0 0 0 0 0 0 0 0 0 0 0 0 0 0 0 0 0 0 0 0 0 0 0 129 0 0 0 129 62 0 0 1 0 0 0 0 0 0 0 0 0 0 0 2 0 0 0 0 0 3 0 2 0 0 0 16 0 0 0 255 255 255 255 2 0 3 0 0 0 0 0 data 2 0x30002 0x7d0 oops 0
ciMethodData java/lang/ReflectiveOperationException <init> (Ljava/lang/String;Ljava/lang/Throwable;)V 2 2129 orig 264 152 130 105 92 0 0 0 0 248 97 200 22 0 0 0 0 64 1 0 0 0 0 0 0 0 0 0 0 0 0 0 0 0 0 0 0 0 0 0 0 0 0 0 0 0 0 0 0 0 0 0 0 0 0 0 0 0 0 0 0 0 0 0 0 0 0 0 0 0 0 0 0 0 0 0 0 0 0 0 0 77 68 79 32 101 120 116 114 97 32 100 97 116 97 32 108 111 99 107 0 0 0 0 0 0 0 0 0 0 0 0 0 0 0 0 0 0 0 0 0 0 0 0 0 0 0 0 0 0 0 0 0 0 0 0 0 0 0 0 0 0 0 0 0 0 0 0 0 0 0 0 0 0 0 0 0 0 0 0 0 0 0 0 0 0 0 0 0 0 0 0 0 0 0 0 0 0 0 0 0 0 0 0 0 0 0 0 0 0 0 0 0 0 0 0 0 0 0 0 0 0 0 0 0 0 0 0 0 0 0 0 0 0 0 0 0 0 1 0 0 137 58 0 0 1 0 0 0 0 0 0 0 0 0 0 0 2 0 0 0 0 0 3 0 2 0 0 0 16 0 0 0 255 255 255 255 2 0 3 0 0 0 0 0 data 2 0x30002 0x751 oops 0
ciMethodData java/lang/Exception <init> (Ljava/lang/String;Ljava/lang/Throwable;)V 2 2129 orig 264 152 130 105 92 0 0 0 0 32 213 199 22 0 0 0 0 64 1 0 0 0 0 0 0 0 0 0 0 0 0 0 0 0 0 0 0 0 0 0 0 0 0 0 0 0 0 0 0 0 0 0 0 0 0 0 0 0 0 0 0 0 0 0 0 0 0 0 0 0 0 0 0 0 0 0 0 0 0 0 0 77 68 79 32 101 120 116 114 97 32 100 97 116 97 32 108 111 99 107 0 0 0 0 0 0 0 0 0 0 0 0 0 0 0 0 0 0 0 0 0 0 0 0 0 0 0 0 0 0 0 0 0 0 0 0 0 0 0 0 0 0 0 0 0 0 0 0 0 0 0 0 0 0 0 0 0 0 0 0 0 0 0 0 0 0 0 0 0 0 0 0 0 0 0 0 0 0 0 0 0 0 0 0 0 0 0 0 0 0 0 0 0 0 0 0 0 0 0 0 0 0 0 0 0 0 0 0 0 0 0 0 0 0 0 0 0 0 1 0 0 137 58 0 0 1 0 0 0 0 0 0 0 0 0 0 0 2 0 0 0 0 0 3 0 2 0 0 0 16 0 0 0 255 255 255 255 2 0 3 0 0 0 0 0 data 2 0x30002 0x751 oops 0
ciMethodData java/lang/Throwable <init> (Ljava/lang/String;Ljava/lang/Throwable;)V 2 2129 orig 264 152 130 105 92 0 0 0 0 176 182 199 22 0 0 0 0 152 1 0 0 0 0 0 0 0 0 0 0 0 0 0 0 0 0 0 0 0 0 0 0 0 0 0 0 0 0 0 0 0 0 0 0 0 0 0 0 0 0 0 0 0 0 0 0 0 0 0 0 0 0 0 0 0 0 0 0 0 0 0 0 77 68 79 32 101 120 116 114 97 32 100 97 116 97 32 108 111 99 107 0 0 0 0 0 0 0 0 0 0 0 0 0 0 0 0 0 0 0 0 0 0 0 0 0 0 0 0 0 0 0 0 0 0 0 0 0 0 0 0 0 0 0 0 0 0 0 0 0 0 0 0 0 0 0 0 0 0 0 0 0 0 0 0 0 0 0 0 0 0 0 0 0 0 0 0 0 0 0 0 0 0 0 0 0 0 0 0 0 0 0 0 0 0 0 0 0 0 0 0 0 0 0 0 0 0 0 0 0 0 0 0 0 0 0 0 0 0 1 0 0 137 58 0 0 1 0 0 0 0 0 0 0 0 0 0 0 2 0 0 0 0 0 3 0 2 0 0 0 64 0 0 0 255 255 255 255 2 0 1 0 0 0 0 0 data 8 0x10002 0x751 0x180005 0x0 0x2ca6f40 0x751 0x0 0x0 oops 1 4 java/lang/ClassNotFoundException
instanceKlass com/fasterxml/jackson/core/util/Instantiatable
instanceKlass com/fasterxml/jackson/annotation/JacksonAnnotation
instanceKlass com/fasterxml/jackson/annotation/JsonAutoDetect
instanceKlass com/fasterxml/jackson/databind/introspect/VisibilityChecker$Std
instanceKlass com/fasterxml/jackson/databind/ser/PropertyWriter
instanceKlass com/fasterxml/jackson/databind/BeanProperty
instanceKlass com/fasterxml/jackson/databind/introspect/BeanPropertyDefinition
instanceKlass com/fasterxml/jackson/databind/util/Named
instanceKlass com/fasterxml/jackson/databind/introspect/Annotated
instanceKlass com/fasterxml/jackson/core/JsonParser
instanceKlass com/fasterxml/jackson/core/JsonGenerator
instanceKlass com/fasterxml/jackson/databind/JsonSerializable$Base
instanceKlass com/fasterxml/jackson/core/TreeNode
instanceKlass com/fasterxml/jackson/databind/jsontype/TypeResolverBuilder
instanceKlass com/fasterxml/jackson/databind/introspect/ClassIntrospector
instanceKlass com/fasterxml/jackson/databind/Module$SetupContext
instanceKlass com/fasterxml/jackson/core/PrettyPrinter
instanceKlass com/fasterxml/jackson/databind/introspect/VisibilityChecker
instanceKlass com/fasterxml/jackson/databind/AnnotationIntrospector
instanceKlass com/fasterxml/jackson/databind/JsonSerializable
instanceKlass com/fasterxml/jackson/core/type/ResolvedType
instanceKlass com/fasterxml/jackson/databind/ser/SerializerFactory
instanceKlass com/fasterxml/jackson/databind/deser/DeserializerFactory
instanceKlass com/fasterxml/jackson/databind/DatabindContext
instanceKlass com/fasterxml/jackson/databind/jsontype/SubtypeResolver
instanceKlass com/fasterxml/jackson/core/JsonFactory
instanceKlass com/fasterxml/jackson/core/TreeCodec
instanceKlass com/fasterxml/jackson/databind/Module
instanceKlass com/fasterxml/jackson/core/Versioned
instanceKlass org/apache/spark/metrics/sink/MetricsServlet
instanceKlass org/apache/spark/metrics/sink/Sink
instanceKlass org/apache/spark/metrics/source/HiveCatalogMetrics$
instanceKlass org/apache/spark/metrics/source/CodegenMetrics$
instanceKlass org/apache/spark/metrics/source/StaticSources$
instanceKlass org/apache/spark/scheduler/SparkListenerBlockManagerAdded
instanceKlass org/apache/spark/storage/BlockManagerInfo
instanceKlass scala/math/Ordering$Long$
instanceKlass scala/runtime/RichLong$
instanceKlass scala/runtime/OrderedProxy$class
instanceKlass scala/runtime/RichLong
instanceKlass scala/runtime/IntegralProxy
instanceKlass scala/runtime/RangedProxy
instanceKlass scala/runtime/ScalaWholeNumberProxy
instanceKlass scala/runtime/ScalaNumberProxy
instanceKlass scala/runtime/OrderedProxy
instanceKlass scala/Proxy$Typed
instanceKlass org/apache/spark/storage/BlockManagerMessages$RegisterBlockManager
instanceKlass org/apache/spark/storage/BlockManagerMessages$ToBlockManagerMaster
instanceKlass org/apache/spark/storage/BlockManagerId
instanceKlass org/apache/spark/storage/BlockManagerId$
instanceKlass org/apache/spark/storage/RandomBlockReplicationPolicy
instanceKlass org/apache/spark/storage/BlockReplicationPolicy
instanceKlass scala/collection/convert/Wrappers$IterableWrapperTrait$class
instanceKlass scala/collection/convert/WrapAsJava$class
instanceKlass scala/collection/convert/WrapAsJava$
instanceKlass scala/collection/convert/WrapAsJava
instanceKlass scala/collection/convert/Decorators$AsJava
instanceKlass org/apache/commons/lang3/tuple/Pair
instanceKlass org/apache/spark/scheduler/SparkListenerEvent$class
instanceKlass org/apache/spark/scheduler/cluster/ExecutorInfo
instanceKlass org/apache/spark/scheduler/SparkListenerExecutorAdded
instanceKlass org/apache/spark/executor/Executor$$anon$2
instanceKlass java/lang/Math$RandomNumberGeneratorHolder
instanceKlass scala/concurrent/impl/Promise$KeptPromise
instanceKlass org/apache/spark/rpc/netty/RpcEndpointVerifier$CheckExistence
instanceKlass org/apache/spark/rpc/RpcEndpointAddress$
instanceKlass org/apache/spark/executor/ExecutorSource$$anon$1
instanceKlass org/apache/spark/executor/ExecutorSource$$anon$5
instanceKlass org/apache/spark/executor/ExecutorSource$$anon$4
instanceKlass org/apache/spark/executor/ExecutorSource$$anon$3
instanceKlass org/apache/spark/executor/ExecutorSource$$anon$2
instanceKlass org/apache/spark/executor/ExecutorSource
instanceKlass org/apache/spark/executor/Executor$$anon$1
instanceKlass org/apache/spark/executor/Executor$
instanceKlass org/apache/spark/executor/Executor
instanceKlass org/apache/spark/scheduler/local/LocalEndpoint
instanceKlass java/util/concurrent/BlockingDeque
instanceKlass org/apache/spark/util/EventLoop
instanceKlass org/apache/spark/scheduler/DAGSchedulerSource$$anon$5
instanceKlass org/apache/spark/scheduler/DAGSchedulerSource$$anon$4
instanceKlass org/apache/spark/scheduler/DAGSchedulerSource$$anon$3
instanceKlass org/apache/spark/scheduler/DAGSchedulerSource$$anon$2
instanceKlass org/apache/spark/scheduler/DAGSchedulerSource$$anon$1
instanceKlass org/apache/spark/scheduler/DAGSchedulerSource
instanceKlass org/apache/spark/scheduler/DAGScheduler$
instanceKlass org/apache/spark/scheduler/JobResult
instanceKlass org/apache/spark/scheduler/Stage
instanceKlass org/apache/spark/scheduler/JobListener
instanceKlass org/apache/spark/scheduler/DAGScheduler
instanceKlass org/apache/spark/scheduler/FIFOSchedulableBuilder
instanceKlass org/apache/spark/launcher/LauncherProtocol$Message
instanceKlass org/apache/spark/scheduler/SchedulerBackend$class
instanceKlass org/apache/spark/launcher/LauncherBackend
instanceKlass org/apache/spark/scheduler/local/LocalSchedulerBackend
instanceKlass org/apache/spark/executor/ExecutorBackend
instanceKlass org/apache/spark/scheduler/TaskResultGetter
instanceKlass org/apache/spark/scheduler/FIFOSchedulingAlgorithm
instanceKlass org/apache/spark/scheduler/SchedulingAlgorithm
instanceKlass org/apache/spark/scheduler/Pool
instanceKlass scala/collection/mutable/SortedSet$class
instanceKlass scala/collection/mutable/SortedSet
instanceKlass scala/Enumeration$ValueSet$$anon$1
instanceKlass scala/concurrent/BlockContext$DefaultBlockContext$
instanceKlass scala/concurrent/BlockContext$
instanceKlass scala/collection/BitSet$class
instanceKlass scala/collection/BitSetLike$class
instanceKlass scala/concurrent/BatchingExecutor$Batch
instanceKlass scala/concurrent/BlockContext
instanceKlass scala/collection/immutable/SortedSet$class
instanceKlass org/apache/spark/rpc/netty/RpcFailure
instanceKlass scala/collection/SortedSet$class
instanceKlass scala/collection/SortedSetLike$class
instanceKlass scala/collection/generic/Sorted$class
instanceKlass scala/concurrent/impl/Promise$
instanceKlass scala/collection/BitSet
instanceKlass scala/collection/BitSetLike
instanceKlass scala/collection/generic/BitSetFactory$class
instanceKlass scala/collection/immutable/BitSet$
instanceKlass scala/collection/generic/BitSetFactory
instanceKlass org/apache/spark/scheduler/ExecutorLossReason
instanceKlass scala/concurrent/Future$
instanceKlass scala/concurrent/BatchingExecutor$class
instanceKlass scala/concurrent/Future$InternalCallbackExecutor$
instanceKlass scala/concurrent/BatchingExecutor
instanceKlass org/apache/spark/rpc/netty/NettyRpcEnv$$anon$1
instanceKlass org/apache/spark/TaskSchedulerIsSet$
instanceKlass org/apache/spark/ExecutorRemoved
instanceKlass org/apache/spark/ExecutorRegistered
instanceKlass scala/Enumeration$ValueOrdering$
instanceKlass scala/Enumeration$ValueSet$
instanceKlass scala/collection/immutable/SortedSet
instanceKlass scala/collection/SortedSet
instanceKlass scala/collection/SortedSetLike
instanceKlass scala/collection/generic/Sorted
instanceKlass scala/concurrent/impl/CallbackRunnable
instanceKlass scala/concurrent/OnCompleteRunnable
instanceKlass org/apache/spark/scheduler/TaskSchedulerImpl$
instanceKlass java/util/Timer$1
instanceKlass scala/concurrent/impl/Promise$class
instanceKlass scala/concurrent/Future$class
instanceKlass java/util/TaskQueue
instanceKlass java/util/Timer
instanceKlass scala/concurrent/Promise$class
instanceKlass org/apache/spark/scheduler/TaskScheduler$class
instanceKlass scala/concurrent/impl/Promise
instanceKlass scala/concurrent/Future
instanceKlass scala/concurrent/Promise
instanceKlass scala/concurrent/Promise$
instanceKlass org/apache/spark/rpc/netty/RequestMessage
instanceKlass org/apache/spark/ExpireDeadHosts$
instanceKlass org/apache/spark/scheduler/Schedulable
instanceKlass org/apache/spark/scheduler/SchedulableBuilder
instanceKlass org/apache/spark/scheduler/TaskSchedulerImpl
instanceKlass org/apache/spark/scheduler/TaskScheduler
instanceKlass java/util/concurrent/FutureTask$WaitNode
instanceKlass java/util/concurrent/FutureTask
instanceKlass org/apache/spark/HeartbeatReceiver$$anon$1
instanceKlass org/apache/spark/util/SystemClock
instanceKlass org/apache/spark/util/Clock
instanceKlass org/apache/spark/HeartbeatReceiver$
instanceKlass scala/util/matching/UnanchoredRegex$class
instanceKlass scala/util/matching/UnanchoredRegex
instanceKlass com/google/common/collect/Iterators$2
instanceKlass com/google/common/collect/PeekingIterator
instanceKlass com/google/common/collect/Iterators
instanceKlass org/apache/hadoop/fs/PathFilter
instanceKlass scala/Product2$mcJJ$sp
instanceKlass org/apache/spark/deploy/SparkHadoopUtil
instanceKlass org/apache/spark/deploy/SparkHadoopUtil$
instanceKlass org/apache/spark/ui/ServerInfo
instanceKlass org/spark_project/jetty/http/HttpContent
instanceKlass org/spark_project/jetty/server/ResourceContentFactory
instanceKlass org/spark_project/jetty/util/resource/Resource
instanceKlass org/spark_project/jetty/servlet/Holder$HolderRegistration
instanceKlass org/spark_project/jetty/servlet/Holder$HolderConfig
instanceKlass javax/servlet/annotation/ServletSecurity
instanceKlass java/util/ComparableTimSort
instanceKlass java/util/Arrays$LegacyMergeSort
instanceKlass java/util/concurrent/ConcurrentLinkedQueue$Node
instanceKlass org/spark_project/jetty/http/PathMap$MappedEntry
instanceKlass org/spark_project/jetty/servlet/ServletContextHandler$ServletContainerInitializerCaller
instanceKlass org/spark_project/jetty/server/handler/gzip/GzipHttpOutputInterceptor
instanceKlass org/spark_project/jetty/server/handler/ContextHandlerCollection$Branch
instanceKlass org/spark_project/jetty/http/MimeTypes$$Lambda$7
instanceKlass org/spark_project/jetty/http/MimeTypes$$Lambda$6
instanceKlass java/util/stream/Sink$ChainedReference
instanceKlass java/util/stream/ForEachOps$ForEachOp
instanceKlass java/util/stream/TerminalSink
instanceKlass java/util/stream/Sink
instanceKlass java/util/stream/TerminalOp
instanceKlass java/util/stream/ForEachOps
instanceKlass org/spark_project/jetty/http/MimeTypes$$Lambda$5
instanceKlass java/util/function/Consumer
instanceKlass java/lang/invoke/LambdaForm$DMH
instanceKlass org/spark_project/jetty/http/MimeTypes$$Lambda$4
instanceKlass java/lang/invoke/LambdaForm$DMH
instanceKlass java/lang/invoke/LambdaForm$DMH
instanceKlass java/util/EnumMap$1
instanceKlass java/util/stream/StreamOpFlag$MaskBuilder
instanceKlass java/util/stream/PipelineHelper
instanceKlass java/util/stream/Stream
instanceKlass java/util/stream/BaseStream
instanceKlass java/util/stream/StreamSupport
instanceKlass java/util/Spliterators$IteratorSpliterator
instanceKlass java/util/Spliterator$OfDouble
instanceKlass java/util/Spliterator$OfLong
instanceKlass java/util/Spliterator$OfInt
instanceKlass java/util/Spliterator$OfPrimitive
instanceKlass java/util/Spliterators$EmptySpliterator
instanceKlass java/util/Spliterator
instanceKlass java/util/Spliterators
instanceKlass org/spark_project/jetty/http/MimeTypes
instanceKlass org/spark_project/jetty/http/pathmap/PathSpec
instanceKlass org/spark_project/jetty/http/pathmap/PathSpecSet
instanceKlass org/spark_project/jetty/util/IncludeExcludeSet$SetContainsPredicate
instanceKlass org/spark_project/jetty/util/IncludeExcludeSet
instanceKlass java/util/function/Predicate
instanceKlass org/spark_project/jetty/server/HttpOutput$Interceptor
instanceKlass org/spark_project/jetty/server/AbstractConnector$Acceptor
instanceKlass java/util/concurrent/CountDownLatch
instanceKlass org/spark_project/jetty/util/thread/strategy/ExecuteProduceConsume$RunExecute
instanceKlass org/spark_project/jetty/util/thread/strategy/ExecutingExecutionStrategy
instanceKlass org/spark_project/jetty/io/ManagedSelector$SelectorProducer
instanceKlass org/spark_project/jetty/util/thread/ExecutionStrategy$Producer
instanceKlass org/spark_project/jetty/util/thread/ScheduledExecutorScheduler$1
instanceKlass sun/nio/ch/ServerSocketChannelImpl$DefaultOptionsHolder
instanceKlass org/spark_project/jetty/util/thread/ExecutionStrategy
instanceKlass org/spark_project/jetty/util/thread/ExecutionStrategy$DefaultExecutionStrategyFactory
instanceKlass org/spark_project/jetty/util/thread/ExecutionStrategy$Factory
instanceKlass org/spark_project/jetty/io/EndPoint
instanceKlass java/util/concurrent/ConcurrentLinkedDeque$Node
instanceKlass org/spark_project/jetty/io/ByteBufferPool$Bucket
instanceKlass org/spark_project/jetty/io/ArrayByteBufferPool
instanceKlass org/spark_project/jetty/io/ByteBufferPool
instanceKlass org/spark_project/jetty/server/NetworkConnector
instanceKlass org/spark_project/jetty/io/Connection$UpgradeFrom
instanceKlass org/spark_project/jetty/server/HttpTransport
instanceKlass org/spark_project/jetty/io/AbstractConnection
instanceKlass org/spark_project/jetty/io/Connection
instanceKlass org/spark_project/jetty/server/HttpConfiguration$Customizer
instanceKlass org/spark_project/jetty/server/HttpConfiguration$ConnectionFactory
instanceKlass org/spark_project/jetty/server/ConnectionFactory
instanceKlass org/spark_project/jetty/http/HttpStatus
instanceKlass org/spark_project/jetty/http/HttpGenerator$PreparedResponse
instanceKlass org/spark_project/jetty/util/BufferUtil
instanceKlass org/spark_project/jetty/http/MetaData
instanceKlass org/spark_project/jetty/http/HttpFields
instanceKlass org/spark_project/jetty/http/HttpGenerator
instanceKlass org/spark_project/jetty/server/HttpConfiguration
instanceKlass org/spark_project/jetty/server/ShutdownMonitor$Holder
instanceKlass org/spark_project/jetty/server/ShutdownMonitor
instanceKlass org/spark_project/jetty/util/thread/Scheduler$Task
instanceKlass org/spark_project/jetty/util/thread/Locker$Lock
instanceKlass org/spark_project/jetty/util/thread/Locker
instanceKlass org/spark_project/jetty/util/MemoryUtils$1
instanceKlass org/spark_project/jetty/util/MemoryUtils
instanceKlass org/spark_project/jetty/util/thread/QueuedThreadPool$2
instanceKlass org/spark_project/jetty/util/thread/ThreadPool$SizedThreadPool
instanceKlass org/apache/spark/status/api/v1/UIRootFromServletContext$
instanceKlass org/glassfish/jersey/server/spi/Container
instanceKlass javax/servlet/Filter
instanceKlass org/apache/spark/status/api/v1/ApiRootResource$
instanceKlass sun/nio/cs/Surrogate
instanceKlass sun/nio/cs/Surrogate$Parser
instanceKlass org/spark_project/jetty/util/AbstractTrie
instanceKlass org/spark_project/jetty/util/StringUtil
instanceKlass org/spark_project/jetty/util/Trie
instanceKlass org/spark_project/jetty/http/Http1FieldPreEncoder
instanceKlass org/spark_project/jetty/http/HttpFieldPreEncoder
instanceKlass org/spark_project/jetty/util/Callback
instanceKlass org/spark_project/jetty/http/HttpContent$Factory
instanceKlass org/spark_project/jetty/util/resource/ResourceFactory
instanceKlass org/spark_project/jetty/servlet/ServletMapping
instanceKlass org/spark_project/jetty/util/ArrayUtil
instanceKlass javax/servlet/SingleThreadModel
instanceKlass org/spark_project/jetty/servlet/Holder$1
instanceKlass javax/servlet/ServletRegistration$Dynamic
instanceKlass javax/servlet/Registration$Dynamic
instanceKlass org/spark_project/jetty/util/component/ContainerLifeCycle$1
instanceKlass org/spark_project/jetty/util/component/Container$Listener
instanceKlass org/spark_project/jetty/util/component/ContainerLifeCycle$Bean
instanceKlass javax/servlet/FilterChain
instanceKlass org/spark_project/jetty/server/UserIdentity$Scope
instanceKlass org/spark_project/jetty/util/DeprecationWarning
instanceKlass org/spark_project/jetty/util/DecoratedObjectFactory
instanceKlass javax/servlet/FilterRegistration
instanceKlass javax/servlet/ServletRegistration
instanceKlass javax/servlet/Registration
instanceKlass org/spark_project/jetty/security/ConstraintAware
instanceKlass org/spark_project/jetty/server/handler/ContextHandler$ApproveNonExistentDirectoryAliases
instanceKlass javax/servlet/RequestDispatcher
instanceKlass org/spark_project/jetty/util/Jetty
instanceKlass org/spark_project/jetty/http/HttpField
instanceKlass javax/servlet/http/HttpServletRequest
instanceKlass javax/servlet/ServletRequestAttributeListener
instanceKlass javax/servlet/ServletRequestListener
instanceKlass javax/servlet/ServletContextAttributeListener
instanceKlass javax/servlet/ServletContextListener
instanceKlass org/spark_project/jetty/util/component/AbstractLifeCycle$AbstractLifeCycleListener
instanceKlass org/slf4j/helpers/FormattingTuple
instanceKlass org/slf4j/helpers/MessageFormatter
instanceKlass org/spark_project/jetty/util/Uptime$DefaultImpl
instanceKlass org/spark_project/jetty/util/Uptime$Impl
instanceKlass org/spark_project/jetty/util/Uptime
instanceKlass org/spark_project/jetty/util/log/JettyAwareLogger
instanceKlass org/spark_project/jetty/util/log/AbstractLogger
instanceKlass org/spark_project/jetty/util/Loader
instanceKlass org/spark_project/jetty/util/log/Log$1
instanceKlass org/spark_project/jetty/util/log/Logger
instanceKlass org/spark_project/jetty/util/log/Log
instanceKlass org/spark_project/jetty/server/handler/gzip/GzipFactory
instanceKlass org/spark_project/jetty/security/Authenticator$AuthConfiguration
instanceKlass org/spark_project/jetty/util/Decorator
instanceKlass org/spark_project/jetty/util/AttributesMap
instanceKlass javax/servlet/ServletRequest
instanceKlass javax/servlet/ServletContext
instanceKlass org/spark_project/jetty/server/handler/ContextHandler$AliasCheck
instanceKlass org/spark_project/jetty/util/component/LifeCycle$Listener
instanceKlass org/spark_project/jetty/util/component/AbstractLifeCycle
instanceKlass org/spark_project/jetty/util/component/Dumpable
instanceKlass org/spark_project/jetty/util/component/Container
instanceKlass org/spark_project/jetty/server/HandlerContainer
instanceKlass org/spark_project/jetty/util/Attributes
instanceKlass java/util/ResourceBundle$Control$1
instanceKlass javax/servlet/http/HttpServletResponse
instanceKlass javax/servlet/ServletResponse
instanceKlass org/apache/spark/ui/JettyUtils$ServletParams
instanceKlass org/spark_project/jetty/util/thread/Scheduler
instanceKlass javax/servlet/GenericServlet
instanceKlass javax/servlet/ServletConfig
instanceKlass javax/servlet/Servlet
instanceKlass org/spark_project/jetty/server/Connector
instanceKlass org/spark_project/jetty/util/component/Graceful
instanceKlass org/spark_project/jetty/server/Handler
instanceKlass org/spark_project/jetty/util/component/Destroyable
instanceKlass org/spark_project/jetty/util/component/LifeCycle
instanceKlass org/spark_project/jetty/util/thread/ThreadPool
instanceKlass org/apache/spark/ui/JettyUtils$
instanceKlass scala/Enumeration$Value
instanceKlass scala/Enumeration
instanceKlass scala/xml/parsing/TokenTests$class
instanceKlass scala/xml/Utility$
instanceKlass scala/xml/parsing/TokenTests
instanceKlass scala/xml/MetaData$
instanceKlass scala/xml/Text$
instanceKlass scala/xml/Attribute$class
instanceKlass scala/collection/IterableView
instanceKlass scala/collection/IterableViewLike
instanceKlass scala/collection/TraversableView
instanceKlass scala/collection/TraversableViewLike
instanceKlass scala/collection/ViewMkString
instanceKlass scala/xml/pull/XMLEvent
instanceKlass scala/xml/Equality$class
instanceKlass scala/xml/NamespaceBinding
instanceKlass scala/xml/Attribute
instanceKlass scala/xml/Equality
instanceKlass org/json4s/JsonAST$JValue
instanceKlass org/json4s/Diff$Diffable
instanceKlass scala/runtime/RichChar$
instanceKlass org/apache/spark/ui/WebUIPage
instanceKlass org/apache/spark/status/api/v1/UIRoot$class
instanceKlass org/apache/spark/ui/WebUITab
instanceKlass org/apache/spark/ui/WebUI
instanceKlass org/apache/spark/status/api/v1/UIRoot
instanceKlass org/apache/spark/ui/SparkUI$
instanceKlass org/apache/spark/SparkStatusTracker
instanceKlass scala/util/control/NonFatal$
instanceKlass scala/util/Try$
instanceKlass org/apache/spark/SparkEnv
instanceKlass org/apache/spark/scheduler/OutputCommitCoordinator$OutputCommitCoordinatorEndpoint
instanceKlass org/apache/spark/scheduler/OutputCommitCoordinator
instanceKlass org/apache/spark/metrics/MetricsConfig
